<?xml version="1.0" encoding="UTF-8"?>
<testsuite xmlns:xsi="http://www.w3.org/2001/XMLSchema-instance" xsi:noNamespaceSchemaLocation="https://maven.apache.org/surefire/maven-surefire-plugin/xsd/surefire-test-report-3.0.xsd" version="3.0" name="FelineTest" time="0.013" tests="4" errors="0" skipped="0" failures="0">
  <properties>
    <property name="java.specification.version" value="23"/>
    <property name="sun.cpu.isalist" value="amd64"/>
    <property name="sun.jnu.encoding" value="Cp1251"/>
    <property name="java.class.path" value="C:\cygwin64\home\Home\qa_java\target\test-classes;C:\cygwin64\home\Home\qa_java\target\classes;C:\Users\Home\.m2\repository\org\mockito\mockito-core\3.12.4\mockito-core-3.12.4.jar;C:\Users\Home\.m2\repository\net\bytebuddy\byte-buddy\1.11.13\byte-buddy-1.11.13.jar;C:\Users\Home\.m2\repository\net\bytebuddy\byte-buddy-agent\1.11.13\byte-buddy-agent-1.11.13.jar;C:\Users\Home\.m2\repository\org\objenesis\objenesis\3.2\objenesis-3.2.jar;C:\Users\Home\.m2\repository\junit\junit\4.12\junit-4.12.jar;C:\Users\Home\.m2\repository\org\hamcrest\hamcrest-core\1.3\hamcrest-core-1.3.jar;C:\Users\Home\.m2\repository\org\junit\jupiter\junit-jupiter\5.8.0\junit-jupiter-5.8.0.jar;C:\Users\Home\.m2\repository\org\junit\jupiter\junit-jupiter-api\5.8.0\junit-jupiter-api-5.8.0.jar;C:\Users\Home\.m2\repository\org\opentest4j\opentest4j\1.2.0\opentest4j-1.2.0.jar;C:\Users\Home\.m2\repository\org\junit\platform\junit-platform-commons\1.8.0\junit-platform-commons-1.8.0.jar;C:\Users\Home\.m2\repository\org\apiguardian\apiguardian-api\1.1.2\apiguardian-api-1.1.2.jar;C:\Users\Home\.m2\repository\org\junit\jupiter\junit-jupiter-params\5.8.0\junit-jupiter-params-5.8.0.jar;C:\Users\Home\.m2\repository\org\junit\jupiter\junit-jupiter-engine\5.8.0\junit-jupiter-engine-5.8.0.jar;C:\Users\Home\.m2\repository\org\junit\platform\junit-platform-engine\1.8.0\junit-platform-engine-1.8.0.jar;"/>
    <property name="java.vm.vendor" value="Oracle Corporation"/>
    <property name="sun.arch.data.model" value="64"/>
    <property name="user.variant" value=""/>
    <property name="java.vendor.url" value="https://java.oracle.com/"/>
    <property name="user.timezone" value="Europe/Moscow"/>
    <property name="os.name" value="Windows 10"/>
    <property name="java.vm.specification.version" value="23"/>
    <property name="sun.java.launcher" value="SUN_STANDARD"/>
    <property name="user.country" value="RU"/>
    <property name="sun.boot.library.path" value="C:\Users\Home\.jdks\openjdk-23\bin"/>
    <property name="sun.java.command" value="C:\Users\Home\AppData\Local\Temp\surefire8105447462031094741\surefirebooter-20241015020518644_3.jar C:\Users\Home\AppData\Local\Temp\surefire8105447462031094741 2024-10-15T02-05-18_486-jvmRun1 surefire-20241015020518644_1tmp surefire_0-20241015020518644_2tmp"/>
    <property name="jdk.debug" value="release"/>
    <property name="surefire.test.class.path" value="C:\cygwin64\home\Home\qa_java\target\test-classes;C:\cygwin64\home\Home\qa_java\target\classes;C:\Users\Home\.m2\repository\org\mockito\mockito-core\3.12.4\mockito-core-3.12.4.jar;C:\Users\Home\.m2\repository\net\bytebuddy\byte-buddy\1.11.13\byte-buddy-1.11.13.jar;C:\Users\Home\.m2\repository\net\bytebuddy\byte-buddy-agent\1.11.13\byte-buddy-agent-1.11.13.jar;C:\Users\Home\.m2\repository\org\objenesis\objenesis\3.2\objenesis-3.2.jar;C:\Users\Home\.m2\repository\junit\junit\4.12\junit-4.12.jar;C:\Users\Home\.m2\repository\org\hamcrest\hamcrest-core\1.3\hamcrest-core-1.3.jar;C:\Users\Home\.m2\repository\org\junit\jupiter\junit-jupiter\5.8.0\junit-jupiter-5.8.0.jar;C:\Users\Home\.m2\repository\org\junit\jupiter\junit-jupiter-api\5.8.0\junit-jupiter-api-5.8.0.jar;C:\Users\Home\.m2\repository\org\opentest4j\opentest4j\1.2.0\opentest4j-1.2.0.jar;C:\Users\Home\.m2\repository\org\junit\platform\junit-platform-commons\1.8.0\junit-platform-commons-1.8.0.jar;C:\Users\Home\.m2\repository\org\apiguardian\apiguardian-api\1.1.2\apiguardian-api-1.1.2.jar;C:\Users\Home\.m2\repository\org\junit\jupiter\junit-jupiter-params\5.8.0\junit-jupiter-params-5.8.0.jar;C:\Users\Home\.m2\repository\org\junit\jupiter\junit-jupiter-engine\5.8.0\junit-jupiter-engine-5.8.0.jar;C:\Users\Home\.m2\repository\org\junit\platform\junit-platform-engine\1.8.0\junit-platform-engine-1.8.0.jar;"/>
    <property name="sun.cpu.endian" value="little"/>
    <property name="user.home" value="C:\Users\Home"/>
    <property name="user.language" value="ru"/>
    <property name="java.specification.vendor" value="Oracle Corporation"/>
    <property name="java.version.date" value="2024-09-17"/>
    <property name="java.home" value="C:\Users\Home\.jdks\openjdk-23"/>
    <property name="file.separator" value="\"/>
    <property name="basedir" value="C:\cygwin64\home\Home\qa_java"/>
    <property name="java.vm.compressedOopsMode" value="Zero based"/>
    <property name="line.separator" value="&#10;"/>
    <property name="java.vm.specification.vendor" value="Oracle Corporation"/>
    <property name="java.specification.name" value="Java Platform API Specification"/>
    <property name="surefire.real.class.path" value="C:\Users\Home\AppData\Local\Temp\surefire8105447462031094741\surefirebooter-20241015020518644_3.jar"/>
    <property name="user.script" value=""/>
    <property name="sun.management.compiler" value="HotSpot 64-Bit Tiered Compilers"/>
    <property name="java.runtime.version" value="23+37-2369"/>
    <property name="user.name" value="Home"/>
    <property name="stdout.encoding" value="Cp1251"/>
    <property name="path.separator" value=";"/>
    <property name="os.version" value="10.0"/>
    <property name="java.runtime.name" value="OpenJDK Runtime Environment"/>
    <property name="file.encoding" value="UTF-8"/>
    <property name="java.vm.name" value="OpenJDK 64-Bit Server VM"/>
    <property name="localRepository" value="C:\Users\Home\.m2\repository"/>
    <property name="java.vendor.url.bug" value="https://bugreport.java.com/bugreport/"/>
    <property name="java.io.tmpdir" value="C:\Users\Home\AppData\Local\Temp\"/>
    <property name="idea.version" value="2024.1.4"/>
    <property name="java.version" value="23"/>
    <property name="user.dir" value="C:\cygwin64\home\Home\qa_java"/>
    <property name="os.arch" value="amd64"/>
    <property name="java.vm.specification.name" value="Java Virtual Machine Specification"/>
    <property name="sun.os.patch.level" value=""/>
    <property name="native.encoding" value="Cp1251"/>
    <property name="java.library.path" value="C:\Users\Home\.jdks\openjdk-23\bin;C:\Windows\Sun\Java\bin;C:\Windows\system32;C:\Windows;C:\Program Files\Amazon Corretto\jdk11.0.24_8\bin;C:\Windows\system32;C:\Windows;C:\Windows\System32\Wbem;C:\Windows\System32\WindowsPowerShell\v1.0\;C:\Windows\System32\OpenSSH\;C:\Program Files (x86)\NVIDIA Corporation\PhysX\Common;C:\Program Files\NVIDIA Corporation\NVIDIA NvDLISR;C:\Program Files\Common Files\Autodesk Shared\;C:\Program Files\apache-maven-3.9.8\bin;C:\Program Files\Git\cmd;C:\Program Files\Git\mingw64\bin;C:\Program Files\Git\usr\bin;C:\cygwin64\home\Home\projects\Sprint9\path\to\chromedriver;C:\cygwin64\home\Home\projects\Sprint9\path\to\geckodriver;C:\Users\Home\AppData\Local\Microsoft\WindowsApps;C:\Users\Home\AppData\Local\Programs\Fiddler;C:\Program Files\JetBrains\IntelliJ IDEA Community Edition 2024.1.4\bin;;C:\WebDriver\bin;C:\cygwin64\home\Home\projects\Sprint9\path\to\chromedriver;C:\cygwin64\home\Home\projects\Sprint9\path\to\chromedriver;C:\cygwin64\home\Home\projects\Sprint9\path\to\geckodriver;;."/>
    <property name="java.vm.info" value="mixed mode, sharing"/>
    <property name="stderr.encoding" value="Cp1251"/>
    <property name="java.vendor" value="Oracle Corporation"/>
    <property name="java.vm.version" value="23+37-2369"/>
    <property name="sun.io.unicode.encoding" value="UnicodeLittle"/>
    <property name="java.class.version" value="67.0"/>
  </properties>
  <testcase name="testGetKittens_WithCount" classname="FelineTest" time="0.002"/>
  <testcase name="testGetKittens" classname="FelineTest" time="0.002"/>
  <testcase name="testGetFamily" classname="FelineTest" time="0.001"/>
  <testcase name="testEatMeat" classname="FelineTest" time="0.002"/>
</testsuite>